{"/Users/radoslawsliwa/Desktop/metal-archives-chrome-extension-for-metalheads-/src/components/CategoryForm.vue": {"path":"/Users/radoslawsliwa/Desktop/metal-archives-chrome-extension-for-metalheads-/src/components/CategoryForm.vue","statementMap":{"0":{"start":{"line":101,"column":16},"end":{"line":101,"column":null}},"1":{"start":{"line":103,"column":23},"end":{"line":103,"column":null}},"2":{"start":{"line":104,"column":21},"end":{"line":104,"column":null}},"3":{"start":{"line":105,"column":21},"end":{"line":105,"column":null}},"4":{"start":{"line":107,"column":21},"end":{"line":107,"column":null}},"5":{"start":{"line":108,"column":20},"end":{"line":108,"column":null}},"6":{"start":{"line":110,"column":17},"end":{"line":113,"column":null}},"7":{"start":{"line":115,"column":20},"end":{"line":115,"column":null}},"8":{"start":{"line":115,"column":35},"end":{"line":115,"column":96}},"9":{"start":{"line":117,"column":0},"end":{"line":117,"column":null}},"10":{"start":{"line":117,"column":31},"end":{"line":117,"column":60}},"11":{"start":{"line":119,"column":35},"end":{"line":119,"column":null}},"12":{"start":{"line":119,"column":41},"end":{"line":119,"column":null}},"13":{"start":{"line":121,"column":29},"end":{"line":126,"column":null}},"14":{"start":{"line":122,"column":2},"end":{"line":122,"column":null}},"15":{"start":{"line":123,"column":2},"end":{"line":123,"column":null}},"16":{"start":{"line":124,"column":2},"end":{"line":124,"column":null}},"17":{"start":{"line":125,"column":2},"end":{"line":125,"column":null}},"18":{"start":{"line":128,"column":24},"end":{"line":132,"column":null}},"19":{"start":{"line":129,"column":2},"end":{"line":131,"column":null}},"20":{"start":{"line":130,"column":4},"end":{"line":130,"column":null}},"21":{"start":{"line":134,"column":21},"end":{"line":134,"column":null}},"22":{"start":{"line":134,"column":33},"end":{"line":134,"column":null}},"23":{"start":{"line":136,"column":21},"end":{"line":148,"column":null}},"24":{"start":{"line":138,"column":2},"end":{"line":142,"column":null}},"25":{"start":{"line":139,"column":4},"end":{"line":139,"column":null}},"26":{"start":{"line":140,"column":4},"end":{"line":140,"column":null}},"27":{"start":{"line":141,"column":4},"end":{"line":141,"column":null}},"28":{"start":{"line":144,"column":2},"end":{"line":147,"column":null}},"29":{"start":{"line":145,"column":4},"end":{"line":145,"column":null}},"30":{"start":{"line":146,"column":4},"end":{"line":146,"column":null}},"31":{"start":{"line":150,"column":21},"end":{"line":167,"column":null}},"32":{"start":{"line":151,"column":2},"end":{"line":151,"column":null}},"33":{"start":{"line":153,"column":2},"end":{"line":156,"column":null}},"34":{"start":{"line":154,"column":4},"end":{"line":154,"column":null}},"35":{"start":{"line":155,"column":4},"end":{"line":155,"column":null}},"36":{"start":{"line":158,"column":2},"end":{"line":166,"column":null}},"37":{"start":{"line":159,"column":4},"end":{"line":159,"column":null}},"38":{"start":{"line":160,"column":4},"end":{"line":160,"column":null}},"39":{"start":{"line":161,"column":4},"end":{"line":161,"column":null}},"40":{"start":{"line":162,"column":4},"end":{"line":162,"column":null}},"41":{"start":{"line":163,"column":4},"end":{"line":165,"column":null}},"42":{"start":{"line":164,"column":6},"end":{"line":164,"column":null}},"43":{"start":{"line":7,"column":9},"end":{"line":7,"column":null}},"44":{"start":{"line":9,"column":11},"end":{"line":9,"column":null}},"45":{"start":{"line":14,"column":13},"end":{"line":14,"column":null}},"46":{"start":{"line":31,"column":12},"end":{"line":31,"column":23}},"47":{"start":{"line":37,"column":12},"end":{"line":37,"column":24}},"48":{"start":{"line":79,"column":8},"end":{"line":81,"column":null}},"49":{"start":{"line":29,"column":20},"end":{"line":29,"column":null}},"50":{"start":{"line":35,"column":20},"end":{"line":35,"column":null}},"51":{"start":{"line":52,"column":17},"end":{"line":52,"column":null}},"52":{"start":{"line":58,"column":16},"end":{"line":58,"column":null}},"53":{"start":{"line":70,"column":19},"end":{"line":70,"column":null}},"54":{"start":{"line":71,"column":19},"end":{"line":71,"column":null}}},"fnMap":{"0":{"name":"(anonymous_1)","decl":{"start":{"line":115,"column":29},"end":{"line":115,"column":35}},"loc":{"start":{"line":115,"column":35},"end":{"line":115,"column":96}}},"1":{"name":"(anonymous_2)","decl":{"start":{"line":117,"column":24},"end":{"line":117,"column":31}},"loc":{"start":{"line":117,"column":31},"end":{"line":117,"column":60}}},"2":{"name":"(anonymous_3)","decl":{"start":{"line":119,"column":35},"end":{"line":119,"column":41}},"loc":{"start":{"line":119,"column":41},"end":{"line":119,"column":null}}},"3":{"name":"(anonymous_4)","decl":{"start":{"line":121,"column":29},"end":{"line":121,"column":30}},"loc":{"start":{"line":121,"column":96},"end":{"line":126,"column":null}}},"4":{"name":"(anonymous_5)","decl":{"start":{"line":128,"column":24},"end":{"line":128,"column":36}},"loc":{"start":{"line":128,"column":36},"end":{"line":132,"column":null}}},"5":{"name":"(anonymous_6)","decl":{"start":{"line":134,"column":21},"end":{"line":134,"column":33}},"loc":{"start":{"line":134,"column":33},"end":{"line":134,"column":null}}},"6":{"name":"(anonymous_7)","decl":{"start":{"line":136,"column":21},"end":{"line":136,"column":22}},"loc":{"start":{"line":136,"column":51},"end":{"line":148,"column":null}}},"7":{"name":"(anonymous_8)","decl":{"start":{"line":150,"column":21},"end":{"line":150,"column":27}},"loc":{"start":{"line":150,"column":27},"end":{"line":167,"column":null}}},"8":{"name":"(anonymous_9)","decl":{"start":{"line":163,"column":15},"end":{"line":163,"column":21}},"loc":{"start":{"line":163,"column":21},"end":{"line":165,"column":7}}},"9":{"name":"(anonymous_11)","decl":{"start":{"line":29,"column":18},"end":{"line":29,"column":20}},"loc":{"start":{"line":29,"column":20},"end":{"line":29,"column":null}}},"10":{"name":"(anonymous_12)","decl":{"start":{"line":35,"column":18},"end":{"line":35,"column":20}},"loc":{"start":{"line":35,"column":20},"end":{"line":35,"column":null}}},"11":{"name":"(anonymous_13)","decl":{"start":{"line":51,"column":25},"end":{"line":51,"column":null}},"loc":{"start":{"line":52,"column":17},"end":{"line":52,"column":null}}},"12":{"name":"(anonymous_14)","decl":{"start":{"line":58,"column":14},"end":{"line":58,"column":16}},"loc":{"start":{"line":58,"column":16},"end":{"line":58,"column":null}}},"13":{"name":"(anonymous_15)","decl":{"start":{"line":70,"column":17},"end":{"line":70,"column":19}},"loc":{"start":{"line":70,"column":19},"end":{"line":70,"column":null}}},"14":{"name":"(anonymous_16)","decl":{"start":{"line":71,"column":17},"end":{"line":71,"column":19}},"loc":{"start":{"line":71,"column":19},"end":{"line":71,"column":null}}}},"branchMap":{"0":{"loc":{"start":{"line":115,"column":35},"end":{"line":115,"column":96}},"type":"binary-expr","locations":[{"start":{"line":115,"column":35},"end":{"line":115,"column":69}},{"start":{"line":115,"column":69},"end":{"line":115,"column":96}}]},"1":{"loc":{"start":{"line":129,"column":2},"end":{"line":131,"column":null}},"type":"if","locations":[{"start":{"line":129,"column":2},"end":{"line":131,"column":null}},{"start":{"line":129,"column":2},"end":{"line":131,"column":null}}]},"2":{"loc":{"start":{"line":129,"column":6},"end":{"line":129,"column":44}},"type":"binary-expr","locations":[{"start":{"line":129,"column":6},"end":{"line":129,"column":27}},{"start":{"line":129,"column":27},"end":{"line":129,"column":44}}]},"3":{"loc":{"start":{"line":138,"column":2},"end":{"line":142,"column":null}},"type":"if","locations":[{"start":{"line":138,"column":2},"end":{"line":142,"column":null}},{"start":{"line":138,"column":2},"end":{"line":142,"column":null}}]},"4":{"loc":{"start":{"line":144,"column":2},"end":{"line":147,"column":null}},"type":"if","locations":[{"start":{"line":144,"column":2},"end":{"line":147,"column":null}},{"start":{"line":144,"column":2},"end":{"line":147,"column":null}}]},"5":{"loc":{"start":{"line":153,"column":2},"end":{"line":156,"column":null}},"type":"if","locations":[{"start":{"line":153,"column":2},"end":{"line":156,"column":null}},{"start":{"line":153,"column":2},"end":{"line":156,"column":null}}]},"6":{"loc":{"start":{"line":158,"column":2},"end":{"line":166,"column":null}},"type":"if","locations":[{"start":{"line":158,"column":2},"end":{"line":166,"column":null}},{"start":{"line":158,"column":2},"end":{"line":166,"column":null}}]},"7":{"loc":{"start":{"line":15,"column":15},"end":{"line":15,"column":null}},"type":"cond-expr","locations":[{"start":{"line":15,"column":49},"end":{"line":15,"column":61}},{"start":{"line":15,"column":61},"end":{"line":15,"column":null}}]},"8":{"loc":{"start":{"line":15,"column":15},"end":{"line":15,"column":49}},"type":"binary-expr","locations":[{"start":{"line":15,"column":15},"end":{"line":15,"column":27}},{"start":{"line":15,"column":27},"end":{"line":15,"column":49}}]},"9":{"loc":{"start":{"line":29,"column":18},"end":{"line":29,"column":null}},"type":"binary-expr","locations":[{"start":{"line":29,"column":18},"end":{"line":29,"column":20}},{"start":{"line":29,"column":18},"end":{"line":29,"column":null}}]},"10":{"loc":{"start":{"line":35,"column":18},"end":{"line":35,"column":null}},"type":"binary-expr","locations":[{"start":{"line":35,"column":18},"end":{"line":35,"column":20}},{"start":{"line":35,"column":18},"end":{"line":35,"column":null}}]},"11":{"loc":{"start":{"line":51,"column":25},"end":{"line":52,"column":null}},"type":"binary-expr","locations":[{"start":{"line":51,"column":25},"end":{"line":51,"column":null}},{"start":{"line":51,"column":25},"end":{"line":52,"column":null}}]},"12":{"loc":{"start":{"line":56,"column":20},"end":{"line":56,"column":null}},"type":"cond-expr","locations":[{"start":{"line":56,"column":40},"end":{"line":56,"column":52}},{"start":{"line":56,"column":52},"end":{"line":56,"column":null}}]},"13":{"loc":{"start":{"line":58,"column":14},"end":{"line":58,"column":null}},"type":"binary-expr","locations":[{"start":{"line":58,"column":14},"end":{"line":58,"column":16}},{"start":{"line":58,"column":14},"end":{"line":58,"column":null}}]},"14":{"loc":{"start":{"line":70,"column":17},"end":{"line":70,"column":null}},"type":"binary-expr","locations":[{"start":{"line":70,"column":17},"end":{"line":70,"column":19}},{"start":{"line":70,"column":17},"end":{"line":70,"column":null}}]},"15":{"loc":{"start":{"line":71,"column":17},"end":{"line":71,"column":null}},"type":"binary-expr","locations":[{"start":{"line":71,"column":17},"end":{"line":71,"column":19}},{"start":{"line":71,"column":17},"end":{"line":71,"column":null}}]}},"s":{"0":3,"1":3,"2":3,"3":3,"4":3,"5":3,"6":3,"7":3,"8":2,"9":3,"10":0,"11":3,"12":2,"13":3,"14":2,"15":2,"16":2,"17":2,"18":3,"19":0,"20":0,"21":3,"22":0,"23":3,"24":2,"25":1,"26":1,"27":1,"28":1,"29":1,"30":1,"31":3,"32":2,"33":2,"34":2,"35":2,"36":0,"37":0,"38":0,"39":0,"40":0,"41":0,"42":0,"43":1,"44":1,"45":1,"46":1,"47":1,"48":1,"49":2,"50":0,"51":0,"52":0,"53":0,"54":0},"f":{"0":2,"1":0,"2":2,"3":2,"4":0,"5":0,"6":2,"7":2,"8":0,"9":2,"10":0,"11":0,"12":0,"13":0,"14":0},"b":{"0":[2,1],"1":[0,0],"2":[0,0],"3":[1,1],"4":[1,0],"5":[2,0],"6":[0,0],"7":[3,6],"8":[9,3],"9":[9,3],"10":[9,3],"11":[9,3],"12":[9,0],"13":[9,3],"14":[9,3],"15":[9,3]}}
,"/Users/radoslawsliwa/Desktop/metal-archives-chrome-extension-for-metalheads-/src/types/index.ts": {"path":"/Users/radoslawsliwa/Desktop/metal-archives-chrome-extension-for-metalheads-/src/types/index.ts","statementMap":{"0":{"start":{"line":1,"column":0},"end":{"line":1,"column":null}},"1":{"start":{"line":2,"column":2},"end":{"line":2,"column":null}},"2":{"start":{"line":3,"column":2},"end":{"line":3,"column":null}},"3":{"start":{"line":1,"column":5},"end":{"line":1,"column":null}},"4":{"start":{"line":6,"column":0},"end":{"line":6,"column":null}},"5":{"start":{"line":7,"column":2},"end":{"line":7,"column":null}},"6":{"start":{"line":8,"column":2},"end":{"line":8,"column":null}},"7":{"start":{"line":6,"column":5},"end":{"line":6,"column":null}},"8":{"start":{"line":11,"column":0},"end":{"line":11,"column":null}},"9":{"start":{"line":12,"column":2},"end":{"line":12,"column":null}},"10":{"start":{"line":13,"column":2},"end":{"line":13,"column":null}},"11":{"start":{"line":11,"column":5},"end":{"line":11,"column":null}}},"fnMap":{"0":{"name":"(anonymous_0)","decl":{"start":{"line":1,"column":0},"end":{"line":1,"column":5}},"loc":{"start":{"line":1,"column":0},"end":{"line":1,"column":null}}},"1":{"name":"(anonymous_1)","decl":{"start":{"line":6,"column":0},"end":{"line":6,"column":5}},"loc":{"start":{"line":6,"column":0},"end":{"line":6,"column":null}}},"2":{"name":"(anonymous_2)","decl":{"start":{"line":11,"column":0},"end":{"line":11,"column":5}},"loc":{"start":{"line":11,"column":0},"end":{"line":11,"column":null}}}},"branchMap":{"0":{"loc":{"start":{"line":1,"column":5},"end":{"line":1,"column":null}},"type":"binary-expr","locations":[{"start":{"line":1,"column":5},"end":{"line":1,"column":null}},{"start":{"line":1,"column":5},"end":{"line":1,"column":null}}]},"1":{"loc":{"start":{"line":6,"column":5},"end":{"line":6,"column":null}},"type":"binary-expr","locations":[{"start":{"line":6,"column":5},"end":{"line":6,"column":null}},{"start":{"line":6,"column":5},"end":{"line":6,"column":null}}]},"2":{"loc":{"start":{"line":11,"column":5},"end":{"line":11,"column":null}},"type":"binary-expr","locations":[{"start":{"line":11,"column":5},"end":{"line":11,"column":null}},{"start":{"line":11,"column":5},"end":{"line":11,"column":null}}]}},"s":{"0":1,"1":1,"2":1,"3":1,"4":1,"5":1,"6":1,"7":1,"8":1,"9":1,"10":1,"11":1},"f":{"0":1,"1":1,"2":1},"b":{"0":[1,1],"1":[1,1],"2":[1,1]}}
}
